Starting Single Run, Sweeps and Corners...

Current time: Sun Dec  4 12:08:13 2022 
Best design point: 1
Design specs: 
	DigitalLab_StartingLayout:Inverter_Lab5_TB_pPar:1	corner	Nominal - 
	tphl		6.304n
	tplh		3.539n
	tp		4.922n
Design parameters: 
	beta		1
	C		1p
	Vdd		1.8
	Vin_Delay		1f
	Vin_FT		10p
	Vin_High		1.8
	Vin_Low		0
	Vin_Period		100n
	Vin_RT		10p
	W1		1

Interactive.17
Number of points completed: 4
Number of simulation errors: 0
Interactive.17 completed. 
Current time: Sun Dec  4 12:08:59 2022 
